  Picture.c
D:\数据结构\数据结构代码\实验4 图\实验4 图\DataHead.h(148,17): warning C4473: “scanf_s”: 没有为格式字符串传递足够的参数
D:\数据结构\数据结构代码\实验4 图\实验4 图\DataHead.h(148,17): message : 占位符和其参数预计 2 可变参数，但提供的却是 1 参数
D:\数据结构\数据结构代码\实验4 图\实验4 图\DataHead.h(148,17): message : 缺失的可变参数 2 为格式字符串“%c”所需
D:\数据结构\数据结构代码\实验4 图\实验4 图\DataHead.h(148,17): message : 此参数用作缓冲区大小
D:\数据结构\数据结构代码\实验4 图\实验4 图\DataHead.h(157,42): warning C4473: “scanf_s”: 没有为格式字符串传递足够的参数
D:\数据结构\数据结构代码\实验4 图\实验4 图\DataHead.h(157,42): message : 占位符和其参数预计 2 可变参数，但提供的却是 1 参数
D:\数据结构\数据结构代码\实验4 图\实验4 图\DataHead.h(157,42): message : 缺失的可变参数 2 为格式字符串“%c”所需
D:\数据结构\数据结构代码\实验4 图\实验4 图\DataHead.h(157,42): message : 此参数用作缓冲区大小
D:\数据结构\数据结构代码\实验4 图\实验4 图\DataHead.h(158,42): warning C4473: “scanf_s”: 没有为格式字符串传递足够的参数
D:\数据结构\数据结构代码\实验4 图\实验4 图\DataHead.h(158,42): message : 占位符和其参数预计 2 可变参数，但提供的却是 1 参数
D:\数据结构\数据结构代码\实验4 图\实验4 图\DataHead.h(158,42): message : 缺失的可变参数 2 为格式字符串“%c”所需
D:\数据结构\数据结构代码\实验4 图\实验4 图\DataHead.h(158,42): message : 此参数用作缓冲区大小
D:\数据结构\数据结构代码\实验4 图\实验4 图\DataHead.h(140,18): warning C4101: “w”: 未引用的局部变量
D:\数据结构\数据结构代码\实验4 图\实验4 图\DataHead.h(183,17): warning C4473: “scanf_s”: 没有为格式字符串传递足够的参数
D:\数据结构\数据结构代码\实验4 图\实验4 图\DataHead.h(183,17): message : 占位符和其参数预计 2 可变参数，但提供的却是 1 参数
D:\数据结构\数据结构代码\实验4 图\实验4 图\DataHead.h(183,17): message : 缺失的可变参数 2 为格式字符串“%c”所需
D:\数据结构\数据结构代码\实验4 图\实验4 图\DataHead.h(183,17): message : 此参数用作缓冲区大小
D:\数据结构\数据结构代码\实验4 图\实验4 图\DataHead.h(192,42): warning C4473: “scanf_s”: 没有为格式字符串传递足够的参数
D:\数据结构\数据结构代码\实验4 图\实验4 图\DataHead.h(192,42): message : 占位符和其参数预计 2 可变参数，但提供的却是 1 参数
D:\数据结构\数据结构代码\实验4 图\实验4 图\DataHead.h(192,42): message : 缺失的可变参数 2 为格式字符串“%c”所需
D:\数据结构\数据结构代码\实验4 图\实验4 图\DataHead.h(192,42): message : 此参数用作缓冲区大小
D:\数据结构\数据结构代码\实验4 图\实验4 图\DataHead.h(193,42): warning C4473: “scanf_s”: 没有为格式字符串传递足够的参数
D:\数据结构\数据结构代码\实验4 图\实验4 图\DataHead.h(193,42): message : 占位符和其参数预计 2 可变参数，但提供的却是 1 参数
D:\数据结构\数据结构代码\实验4 图\实验4 图\DataHead.h(193,42): message : 缺失的可变参数 2 为格式字符串“%c”所需
D:\数据结构\数据结构代码\实验4 图\实验4 图\DataHead.h(193,42): message : 此参数用作缓冲区大小
D:\数据结构\数据结构代码\实验4 图\实验4 图\DataHead.h(220,17): warning C4473: “scanf_s”: 没有为格式字符串传递足够的参数
D:\数据结构\数据结构代码\实验4 图\实验4 图\DataHead.h(220,17): message : 占位符和其参数预计 2 可变参数，但提供的却是 1 参数
D:\数据结构\数据结构代码\实验4 图\实验4 图\DataHead.h(220,17): message : 缺失的可变参数 2 为格式字符串“%c”所需
D:\数据结构\数据结构代码\实验4 图\实验4 图\DataHead.h(220,17): message : 此参数用作缓冲区大小
D:\数据结构\数据结构代码\实验4 图\实验4 图\DataHead.h(235,17): warning C4473: “scanf_s”: 没有为格式字符串传递足够的参数
D:\数据结构\数据结构代码\实验4 图\实验4 图\DataHead.h(235,17): message : 占位符和其参数预计 2 可变参数，但提供的却是 1 参数
D:\数据结构\数据结构代码\实验4 图\实验4 图\DataHead.h(235,17): message : 缺失的可变参数 2 为格式字符串“%c”所需
D:\数据结构\数据结构代码\实验4 图\实验4 图\DataHead.h(235,17): message : 此参数用作缓冲区大小
D:\数据结构\数据结构代码\实验4 图\实验4 图\DataHead.h(236,17): warning C4473: “scanf_s”: 没有为格式字符串传递足够的参数
D:\数据结构\数据结构代码\实验4 图\实验4 图\DataHead.h(236,17): message : 占位符和其参数预计 2 可变参数，但提供的却是 1 参数
D:\数据结构\数据结构代码\实验4 图\实验4 图\DataHead.h(236,17): message : 缺失的可变参数 2 为格式字符串“%c”所需
D:\数据结构\数据结构代码\实验4 图\实验4 图\DataHead.h(236,17): message : 此参数用作缓冲区大小
D:\数据结构\数据结构代码\实验4 图\实验4 图\DataHead.h(212,18): warning C4101: “w”: 未引用的局部变量
D:\数据结构\数据结构代码\实验4 图\实验4 图\DataHead.h(261,17): warning C4473: “scanf_s”: 没有为格式字符串传递足够的参数
D:\数据结构\数据结构代码\实验4 图\实验4 图\DataHead.h(261,17): message : 占位符和其参数预计 2 可变参数，但提供的却是 1 参数
D:\数据结构\数据结构代码\实验4 图\实验4 图\DataHead.h(261,17): message : 缺失的可变参数 2 为格式字符串“%c”所需
D:\数据结构\数据结构代码\实验4 图\实验4 图\DataHead.h(261,17): message : 此参数用作缓冲区大小
D:\数据结构\数据结构代码\实验4 图\实验4 图\DataHead.h(270,42): warning C4473: “scanf_s”: 没有为格式字符串传递足够的参数
D:\数据结构\数据结构代码\实验4 图\实验4 图\DataHead.h(270,42): message : 占位符和其参数预计 2 可变参数，但提供的却是 1 参数
D:\数据结构\数据结构代码\实验4 图\实验4 图\DataHead.h(270,42): message : 缺失的可变参数 2 为格式字符串“%c”所需
D:\数据结构\数据结构代码\实验4 图\实验4 图\DataHead.h(270,42): message : 此参数用作缓冲区大小
D:\数据结构\数据结构代码\实验4 图\实验4 图\DataHead.h(271,42): warning C4473: “scanf_s”: 没有为格式字符串传递足够的参数
D:\数据结构\数据结构代码\实验4 图\实验4 图\DataHead.h(271,42): message : 占位符和其参数预计 2 可变参数，但提供的却是 1 参数
D:\数据结构\数据结构代码\实验4 图\实验4 图\DataHead.h(271,42): message : 缺失的可变参数 2 为格式字符串“%c”所需
D:\数据结构\数据结构代码\实验4 图\实验4 图\DataHead.h(271,42): message : 此参数用作缓冲区大小
D:\数据结构\数据结构代码\实验4 图\实验4 图\DataHead.h(353,12): warning C4101: “j”: 未引用的局部变量
D:\数据结构\数据结构代码\实验4 图\实验4 图\DataHead.h(398,25): warning C4013: “FirstAdjVex”未定义；假设外部返回 int
D:\数据结构\数据结构代码\实验4 图\实验4 图\DataHead.h(398,56): warning C4013: “NextAdjVex”未定义；假设外部返回 int
D:\数据结构\数据结构代码\实验4 图\实验4 图\DataHead.h(449,26): warning C4013: “exit”未定义；假设外部返回 int
D:\数据结构\数据结构代码\实验4 图\实验4 图\DataHead.h(296): warning C4715: “LocateVex”: 不是所有的控件路径都返回值
  实验4 图.vcxproj -> D:\数据结构\数据结构代码\实验4 图\x64\Debug\实验4 图.exe
